d:\programs\visual studio\repos\viselitsa_ekz\viselitsa_ekz\x64\debug\vc143.pdb
d:\programs\visual studio\repos\viselitsa_ekz\viselitsa_ekz\x64\debug\vc143.idb
d:\programs\visual studio\repos\viselitsa_ekz\viselitsa_ekz\x64\debug\main.obj
d:\programs\visual studio\repos\viselitsa_ekz\x64\debug\viselitsa_ekz.pdb
d:\programs\visual studio\repos\viselitsa_ekz\viselitsa_ekz\x64\debug\viselitsa_ekz.tlog\cl.command.1.tlog
d:\programs\visual studio\repos\viselitsa_ekz\viselitsa_ekz\x64\debug\viselitsa_ekz.tlog\cl.read.1.tlog
d:\programs\visual studio\repos\viselitsa_ekz\viselitsa_ekz\x64\debug\viselitsa_ekz.tlog\cl.write.1.tlog
d:\programs\visual studio\repos\viselitsa_ekz\viselitsa_ekz\x64\debug\viselitsa_ekz.tlog\link-cvtres.read.1.tlog
d:\programs\visual studio\repos\viselitsa_ekz\viselitsa_ekz\x64\debug\viselitsa_ekz.tlog\link-cvtres.write.1.tlog
d:\programs\visual studio\repos\viselitsa_ekz\viselitsa_ekz\x64\debug\viselitsa_ekz.tlog\link-rc.read.1.tlog
d:\programs\visual studio\repos\viselitsa_ekz\viselitsa_ekz\x64\debug\viselitsa_ekz.tlog\link-rc.write.1.tlog
d:\programs\visual studio\repos\viselitsa_ekz\viselitsa_ekz\x64\debug\viselitsa_ekz.tlog\link.1732-cvtres.read.1.tlog
d:\programs\visual studio\repos\viselitsa_ekz\viselitsa_ekz\x64\debug\viselitsa_ekz.tlog\link.1732-cvtres.write.1.tlog
d:\programs\visual studio\repos\viselitsa_ekz\viselitsa_ekz\x64\debug\viselitsa_ekz.tlog\link.1732-rc.read.1.tlog
d:\programs\visual studio\repos\viselitsa_ekz\viselitsa_ekz\x64\debug\viselitsa_ekz.tlog\link.1732-rc.write.1.tlog
d:\programs\visual studio\repos\viselitsa_ekz\viselitsa_ekz\x64\debug\viselitsa_ekz.tlog\link.1732.read.1.tlog
d:\programs\visual studio\repos\viselitsa_ekz\viselitsa_ekz\x64\debug\viselitsa_ekz.tlog\link.1732.read.2.tlog
d:\programs\visual studio\repos\viselitsa_ekz\viselitsa_ekz\x64\debug\viselitsa_ekz.tlog\link.1732.write.1.tlog
d:\programs\visual studio\repos\viselitsa_ekz\viselitsa_ekz\x64\debug\viselitsa_ekz.tlog\link.command.1.tlog
d:\programs\visual studio\repos\viselitsa_ekz\viselitsa_ekz\x64\debug\viselitsa_ekz.tlog\link.read.1.tlog
d:\programs\visual studio\repos\viselitsa_ekz\viselitsa_ekz\x64\debug\viselitsa_ekz.tlog\link.read.2.tlog
d:\programs\visual studio\repos\viselitsa_ekz\viselitsa_ekz\x64\debug\viselitsa_ekz.tlog\link.write.1.tlog
